<?xml version="1.0" encoding="UTF-8"?>
<!-- Generated by org.testng.reporters.JUnitReportReporter -->
<testsuite hostname="LAPTOP-QC1KKNSF" failures="0" tests="4" name="api.testcases.UserTest" time="12.515" errors="0" timestamp="2024-10-09T17:15:02 IST" skipped="0">
  <testcase classname="api.testcases.UserTest" name="testCreateUser" time="6.506"/>
  <testcase classname="api.testcases.UserTest" name="testGetUserData" time="1.359"/>
  <testcase classname="api.testcases.UserTest" name="testUpdateUser" time="2.947"/>
  <testcase classname="api.testcases.UserTest" name="testDeleteUser" time="1.703"/>
</testsuite> <!-- api.testcases.UserTest -->
